<?xml version="1.0" encoding="UTF-8"?>
<testng-results ignored="0" total="1" passed="1" failed="0" skipped="0">
  <reporter-output>
  </reporter-output>
  <suite started-at="2024-01-25T10:48:47 IST" name="Default suite" finished-at="2024-01-25T10:49:13 IST" duration-ms="26579">
    <groups>
    </groups>
    <test started-at="2024-01-25T10:48:47 IST" name="Default test" finished-at="2024-01-25T10:49:13 IST" duration-ms="26579">
      <class name="rapify.Uifunctionality">
        <test-method is-config="true" signature="startreports()[pri:0, instance:rapify.Uifunctionality@201a4587]" started-at="2024-01-25T10:48:47 IST" name="startreports" finished-at="2024-01-25T10:48:47 IST" duration-ms="268" status="PASS">
          <reporter-output>
          </reporter-output>
        </test-method> <!-- startreports -->
        <test-method signature="test()[pri:0, instance:rapify.Uifunctionality@201a4587]" started-at="2024-01-25T10:48:47 IST" name="test" finished-at="2024-01-25T10:49:13 IST" duration-ms="25856" status="PASS">
          <reporter-output>
          </reporter-output>
        </test-method> <!-- test -->
        <test-method is-config="true" signature="getTestResult(org.testng.ITestResult)[pri:0, instance:rapify.Uifunctionality@201a4587]" started-at="2024-01-25T10:49:13 IST" name="getTestResult" finished-at="2024-01-25T10:49:13 IST" duration-ms="11" status="PASS">
          <params>
            <param index="0">
              <value>
                <![CDATA[[TestResult name=test status=SUCCESS method=Uifunctionality.test()[pri:0, instance:rapify.Uifunctionality@201a4587] output={null}]]]>
              </value>
            </param>
          </params>
          <reporter-output>
          </reporter-output>
        </test-method> <!-- getTestResult -->
        <test-method is-config="true" signature="tearDown()[pri:0, instance:rapify.Uifunctionality@201a4587]" started-at="2024-01-25T10:49:13 IST" name="tearDown" finished-at="2024-01-25T10:49:13 IST" duration-ms="411" status="PASS">
          <reporter-output>
          </reporter-output>
        </test-method> <!-- tearDown -->
      </class> <!-- rapify.Uifunctionality -->
    </test> <!-- Default test -->
  </suite> <!-- Default suite -->
</testng-results>
